<?xml version="1.0" encoding="UTF-8"?>
<testsuite xmlns:xsi="http://www.w3.org/2001/XMLSchema-instance" xsi:noNamespaceSchemaLocation="https://maven.apache.org/surefire/maven-surefire-plugin/xsd/surefire-test-report.xsd" name="CrowdTest" time="2.452" tests="2" errors="0" skipped="0" failures="0">
  <properties>
    <property name="sun.desktop" value="windows"/>
    <property name="awt.toolkit" value="sun.awt.windows.WToolkit"/>
    <property name="file.encoding.pkg" value="sun.io"/>
    <property name="java.specification.version" value="1.8"/>
    <property name="sun.cpu.isalist" value="amd64"/>
    <property name="sun.jnu.encoding" value="GBK"/>
    <property name="java.class.path" value="D:\IDEACODES\Crowdfunding\atcrowdfunding01-admin-parent\atcrowdfunding02-admin-webui\target\test-classes;D:\IDEACODES\Crowdfunding\atcrowdfunding01-admin-parent\atcrowdfunding02-admin-webui\target\classes;D:\devlop\my_java\maven_repository\org\example\atcrowdfunding03-admin-component\1.0-SNAPSHOT\atcrowdfunding03-admin-component-1.0-SNAPSHOT.jar;D:\devlop\my_java\maven_repository\org\example\atcrowdfunding04-admin-entity\1.0-SNAPSHOT\atcrowdfunding04-admin-entity-1.0-SNAPSHOT.jar;D:\devlop\my_java\maven_repository\org\example\atcrowdfunding05-common-util\1.0-SNAPSHOT\atcrowdfunding05-common-util-1.0-SNAPSHOT.jar;D:\devlop\my_java\maven_repository\org\mybatis\mybatis\3.2.8\mybatis-3.2.8.jar;D:\devlop\my_java\maven_repository\org\springframework\spring-orm\4.3.20.RELEASE\spring-orm-4.3.20.RELEASE.jar;D:\devlop\my_java\maven_repository\org\springframework\spring-beans\4.3.20.RELEASE\spring-beans-4.3.20.RELEASE.jar;D:\devlop\my_java\maven_repository\org\springframework\spring-jdbc\4.3.20.RELEASE\spring-jdbc-4.3.20.RELEASE.jar;D:\devlop\my_java\maven_repository\org\springframework\spring-tx\4.3.20.RELEASE\spring-tx-4.3.20.RELEASE.jar;D:\devlop\my_java\maven_repository\org\springframework\spring-webmvc\4.3.20.RELEASE\spring-webmvc-4.3.20.RELEASE.jar;D:\devlop\my_java\maven_repository\org\springframework\spring-aop\4.3.20.RELEASE\spring-aop-4.3.20.RELEASE.jar;D:\devlop\my_java\maven_repository\org\springframework\spring-context\4.3.20.RELEASE\spring-context-4.3.20.RELEASE.jar;D:\devlop\my_java\maven_repository\org\springframework\spring-expression\4.3.20.RELEASE\spring-expression-4.3.20.RELEASE.jar;D:\devlop\my_java\maven_repository\org\springframework\spring-web\4.3.20.RELEASE\spring-web-4.3.20.RELEASE.jar;D:\devlop\my_java\maven_repository\org\aspectj\aspectjweaver\1.9.2\aspectjweaver-1.9.2.jar;D:\devlop\my_java\maven_repository\cglib\cglib\2.2\cglib-2.2.jar;D:\devlop\my_java\maven_repository\asm\asm\3.1\asm-3.1.jar;D:\devlop\my_java\maven_repository\mysql\mysql-connector-java\8.0.20\mysql-connector-java-8.0.20.jar;D:\devlop\my_java\maven_repository\com\google\protobuf\protobuf-java\3.6.1\protobuf-java-3.6.1.jar;D:\devlop\my_java\maven_repository\com\alibaba\druid\1.0.31\druid-1.0.31.jar;D:\jdk\jre\..\lib\jconsole.jar;D:\jdk\jre\..\lib\tools.jar;D:\devlop\my_java\maven_repository\org\mybatis\mybatis-spring\1.2.2\mybatis-spring-1.2.2.jar;D:\devlop\my_java\maven_repository\com\github\pagehelper\pagehelper\4.0.0\pagehelper-4.0.0.jar;D:\devlop\my_java\maven_repository\com\github\jsqlparser\jsqlparser\0.9.1\jsqlparser-0.9.1.jar;D:\devlop\my_java\maven_repository\org\slf4j\slf4j-api\1.7.7\slf4j-api-1.7.7.jar;D:\devlop\my_java\maven_repository\ch\qos\logback\logback-classic\1.2.3\logback-classic-1.2.3.jar;D:\devlop\my_java\maven_repository\ch\qos\logback\logback-core\1.2.3\logback-core-1.2.3.jar;D:\devlop\my_java\maven_repository\org\slf4j\jcl-over-slf4j\1.7.25\jcl-over-slf4j-1.7.25.jar;D:\devlop\my_java\maven_repository\com\fasterxml\jackson\core\jackson-databind\2.9.8\jackson-databind-2.9.8.jar;D:\devlop\my_java\maven_repository\com\fasterxml\jackson\core\jackson-core\2.9.8\jackson-core-2.9.8.jar;D:\devlop\my_java\maven_repository\com\fasterxml\jackson\core\jackson-annotations\2.9.8\jackson-annotations-2.9.8.jar;D:\devlop\my_java\maven_repository\jstl\jstl\1.2\jstl-1.2.jar;D:\devlop\my_java\maven_repository\com\google\code\gson\gson\2.8.5\gson-2.8.5.jar;D:\devlop\my_java\maven_repository\org\springframework\security\spring-security-web\4.2.10.RELEASE\spring-security-web-4.2.10.RELEASE.jar;D:\devlop\my_java\maven_repository\aopalliance\aopalliance\1.0\aopalliance-1.0.jar;D:\devlop\my_java\maven_repository\org\springframework\security\spring-security-core\4.2.10.RELEASE\spring-security-core-4.2.10.RELEASE.jar;D:\devlop\my_java\maven_repository\org\springframework\security\spring-security-config\4.2.10.RELEASE\spring-security-config-4.2.10.RELEASE.jar;D:\devlop\my_java\maven_repository\org\springframework\security\spring-security-taglibs\4.2.10.RELEASE\spring-security-taglibs-4.2.10.RELEASE.jar;D:\devlop\my_java\maven_repository\org\springframework\security\spring-security-acl\4.2.10.RELEASE\spring-security-acl-4.2.10.RELEASE.jar;D:\devlop\my_java\maven_repository\org\jetbrains\kotlin\kotlin-stdlib-jdk8\1.3.72\kotlin-stdlib-jdk8-1.3.72.jar;D:\devlop\my_java\maven_repository\org\jetbrains\kotlin\kotlin-stdlib\1.3.72\kotlin-stdlib-1.3.72.jar;D:\devlop\my_java\maven_repository\org\jetbrains\kotlin\kotlin-stdlib-common\1.3.72\kotlin-stdlib-common-1.3.72.jar;D:\devlop\my_java\maven_repository\org\jetbrains\annotations\13.0\annotations-13.0.jar;D:\devlop\my_java\maven_repository\org\jetbrains\kotlin\kotlin-stdlib-jdk7\1.3.72\kotlin-stdlib-jdk7-1.3.72.jar;D:\devlop\my_java\maven_repository\junit\junit\4.12\junit-4.12.jar;D:\devlop\my_java\maven_repository\org\hamcrest\hamcrest-core\1.3\hamcrest-core-1.3.jar;D:\devlop\my_java\maven_repository\org\springframework\spring-test\4.3.20.RELEASE\spring-test-4.3.20.RELEASE.jar;D:\devlop\my_java\maven_repository\org\springframework\spring-core\4.3.20.RELEASE\spring-core-4.3.20.RELEASE.jar;D:\devlop\my_java\maven_repository\commons-logging\commons-logging\1.2\commons-logging-1.2.jar;"/>
    <property name="java.vm.vendor" value="Oracle Corporation"/>
    <property name="sun.arch.data.model" value="64"/>
    <property name="user.variant" value=""/>
    <property name="java.vendor.url" value="http://java.oracle.com/"/>
    <property name="user.timezone" value="GMT+08:00"/>
    <property name="java.vm.specification.version" value="1.8"/>
    <property name="os.name" value="Windows 10"/>
    <property name="user.country" value="CN"/>
    <property name="sun.java.launcher" value="SUN_STANDARD"/>
    <property name="sun.boot.library.path" value="D:\jdk\jre\bin"/>
    <property name="sun.java.command" value="C:\Users\xxxy412\AppData\Local\Temp\surefire8749140630062582801\surefirebooter6006988779566481215.jar C:\Users\xxxy412\AppData\Local\Temp\surefire8749140630062582801 2020-10-13T16-11-27_368-jvmRun1 surefire9004783430575558666tmp surefire_05094584055004007707tmp"/>
    <property name="surefire.test.class.path" value="D:\IDEACODES\Crowdfunding\atcrowdfunding01-admin-parent\atcrowdfunding02-admin-webui\target\test-classes;D:\IDEACODES\Crowdfunding\atcrowdfunding01-admin-parent\atcrowdfunding02-admin-webui\target\classes;D:\devlop\my_java\maven_repository\org\example\atcrowdfunding03-admin-component\1.0-SNAPSHOT\atcrowdfunding03-admin-component-1.0-SNAPSHOT.jar;D:\devlop\my_java\maven_repository\org\example\atcrowdfunding04-admin-entity\1.0-SNAPSHOT\atcrowdfunding04-admin-entity-1.0-SNAPSHOT.jar;D:\devlop\my_java\maven_repository\org\example\atcrowdfunding05-common-util\1.0-SNAPSHOT\atcrowdfunding05-common-util-1.0-SNAPSHOT.jar;D:\devlop\my_java\maven_repository\org\mybatis\mybatis\3.2.8\mybatis-3.2.8.jar;D:\devlop\my_java\maven_repository\org\springframework\spring-orm\4.3.20.RELEASE\spring-orm-4.3.20.RELEASE.jar;D:\devlop\my_java\maven_repository\org\springframework\spring-beans\4.3.20.RELEASE\spring-beans-4.3.20.RELEASE.jar;D:\devlop\my_java\maven_repository\org\springframework\spring-jdbc\4.3.20.RELEASE\spring-jdbc-4.3.20.RELEASE.jar;D:\devlop\my_java\maven_repository\org\springframework\spring-tx\4.3.20.RELEASE\spring-tx-4.3.20.RELEASE.jar;D:\devlop\my_java\maven_repository\org\springframework\spring-webmvc\4.3.20.RELEASE\spring-webmvc-4.3.20.RELEASE.jar;D:\devlop\my_java\maven_repository\org\springframework\spring-aop\4.3.20.RELEASE\spring-aop-4.3.20.RELEASE.jar;D:\devlop\my_java\maven_repository\org\springframework\spring-context\4.3.20.RELEASE\spring-context-4.3.20.RELEASE.jar;D:\devlop\my_java\maven_repository\org\springframework\spring-expression\4.3.20.RELEASE\spring-expression-4.3.20.RELEASE.jar;D:\devlop\my_java\maven_repository\org\springframework\spring-web\4.3.20.RELEASE\spring-web-4.3.20.RELEASE.jar;D:\devlop\my_java\maven_repository\org\aspectj\aspectjweaver\1.9.2\aspectjweaver-1.9.2.jar;D:\devlop\my_java\maven_repository\cglib\cglib\2.2\cglib-2.2.jar;D:\devlop\my_java\maven_repository\asm\asm\3.1\asm-3.1.jar;D:\devlop\my_java\maven_repository\mysql\mysql-connector-java\8.0.20\mysql-connector-java-8.0.20.jar;D:\devlop\my_java\maven_repository\com\google\protobuf\protobuf-java\3.6.1\protobuf-java-3.6.1.jar;D:\devlop\my_java\maven_repository\com\alibaba\druid\1.0.31\druid-1.0.31.jar;D:\jdk\jre\..\lib\jconsole.jar;D:\jdk\jre\..\lib\tools.jar;D:\devlop\my_java\maven_repository\org\mybatis\mybatis-spring\1.2.2\mybatis-spring-1.2.2.jar;D:\devlop\my_java\maven_repository\com\github\pagehelper\pagehelper\4.0.0\pagehelper-4.0.0.jar;D:\devlop\my_java\maven_repository\com\github\jsqlparser\jsqlparser\0.9.1\jsqlparser-0.9.1.jar;D:\devlop\my_java\maven_repository\org\slf4j\slf4j-api\1.7.7\slf4j-api-1.7.7.jar;D:\devlop\my_java\maven_repository\ch\qos\logback\logback-classic\1.2.3\logback-classic-1.2.3.jar;D:\devlop\my_java\maven_repository\ch\qos\logback\logback-core\1.2.3\logback-core-1.2.3.jar;D:\devlop\my_java\maven_repository\org\slf4j\jcl-over-slf4j\1.7.25\jcl-over-slf4j-1.7.25.jar;D:\devlop\my_java\maven_repository\com\fasterxml\jackson\core\jackson-databind\2.9.8\jackson-databind-2.9.8.jar;D:\devlop\my_java\maven_repository\com\fasterxml\jackson\core\jackson-core\2.9.8\jackson-core-2.9.8.jar;D:\devlop\my_java\maven_repository\com\fasterxml\jackson\core\jackson-annotations\2.9.8\jackson-annotations-2.9.8.jar;D:\devlop\my_java\maven_repository\jstl\jstl\1.2\jstl-1.2.jar;D:\devlop\my_java\maven_repository\com\google\code\gson\gson\2.8.5\gson-2.8.5.jar;D:\devlop\my_java\maven_repository\org\springframework\security\spring-security-web\4.2.10.RELEASE\spring-security-web-4.2.10.RELEASE.jar;D:\devlop\my_java\maven_repository\aopalliance\aopalliance\1.0\aopalliance-1.0.jar;D:\devlop\my_java\maven_repository\org\springframework\security\spring-security-core\4.2.10.RELEASE\spring-security-core-4.2.10.RELEASE.jar;D:\devlop\my_java\maven_repository\org\springframework\security\spring-security-config\4.2.10.RELEASE\spring-security-config-4.2.10.RELEASE.jar;D:\devlop\my_java\maven_repository\org\springframework\security\spring-security-taglibs\4.2.10.RELEASE\spring-security-taglibs-4.2.10.RELEASE.jar;D:\devlop\my_java\maven_repository\org\springframework\security\spring-security-acl\4.2.10.RELEASE\spring-security-acl-4.2.10.RELEASE.jar;D:\devlop\my_java\maven_repository\org\jetbrains\kotlin\kotlin-stdlib-jdk8\1.3.72\kotlin-stdlib-jdk8-1.3.72.jar;D:\devlop\my_java\maven_repository\org\jetbrains\kotlin\kotlin-stdlib\1.3.72\kotlin-stdlib-1.3.72.jar;D:\devlop\my_java\maven_repository\org\jetbrains\kotlin\kotlin-stdlib-common\1.3.72\kotlin-stdlib-common-1.3.72.jar;D:\devlop\my_java\maven_repository\org\jetbrains\annotations\13.0\annotations-13.0.jar;D:\devlop\my_java\maven_repository\org\jetbrains\kotlin\kotlin-stdlib-jdk7\1.3.72\kotlin-stdlib-jdk7-1.3.72.jar;D:\devlop\my_java\maven_repository\junit\junit\4.12\junit-4.12.jar;D:\devlop\my_java\maven_repository\org\hamcrest\hamcrest-core\1.3\hamcrest-core-1.3.jar;D:\devlop\my_java\maven_repository\org\springframework\spring-test\4.3.20.RELEASE\spring-test-4.3.20.RELEASE.jar;D:\devlop\my_java\maven_repository\org\springframework\spring-core\4.3.20.RELEASE\spring-core-4.3.20.RELEASE.jar;D:\devlop\my_java\maven_repository\commons-logging\commons-logging\1.2\commons-logging-1.2.jar;"/>
    <property name="sun.cpu.endian" value="little"/>
    <property name="user.home" value="C:\Users\xxxy412"/>
    <property name="user.language" value="zh"/>
    <property name="java.specification.vendor" value="Oracle Corporation"/>
    <property name="java.home" value="D:\jdk\jre"/>
    <property name="basedir" value="D:\IDEACODES\Crowdfunding\atcrowdfunding01-admin-parent\atcrowdfunding02-admin-webui"/>
    <property name="file.separator" value="\"/>
    <property name="line.separator" value="&#10;"/>
    <property name="java.vm.specification.vendor" value="Oracle Corporation"/>
    <property name="java.specification.name" value="Java Platform API Specification"/>
    <property name="java.awt.graphicsenv" value="sun.awt.Win32GraphicsEnvironment"/>
    <property name="surefire.real.class.path" value="C:\Users\xxxy412\AppData\Local\Temp\surefire8749140630062582801\surefirebooter6006988779566481215.jar"/>
    <property name="sun.boot.class.path" value="D:\jdk\jre\lib\resources.jar;D:\jdk\jre\lib\rt.jar;D:\jdk\jre\lib\sunrsasign.jar;D:\jdk\jre\lib\jsse.jar;D:\jdk\jre\lib\jce.jar;D:\jdk\jre\lib\charsets.jar;D:\jdk\jre\lib\jfr.jar;D:\jdk\jre\classes"/>
    <property name="user.script" value=""/>
    <property name="sun.management.compiler" value="HotSpot 64-Bit Tiered Compilers"/>
    <property name="java.runtime.version" value="1.8.0_102-b14"/>
    <property name="user.name" value="xxxy412"/>
    <property name="path.separator" value=";"/>
    <property name="os.version" value="10.0"/>
    <property name="java.endorsed.dirs" value="D:\jdk\jre\lib\endorsed"/>
    <property name="java.runtime.name" value="Java(TM) SE Runtime Environment"/>
    <property name="file.encoding" value="GBK"/>
    <property name="java.vm.name" value="Java HotSpot(TM) 64-Bit Server VM"/>
    <property name="idea.version2020.1" value="true"/>
    <property name="localRepository" value="D:\devlop\my_java\maven_repository"/>
    <property name="java.vendor.url.bug" value="http://bugreport.sun.com/bugreport/"/>
    <property name="java.io.tmpdir" value="C:\Users\xxxy412\AppData\Local\Temp\"/>
    <property name="java.version" value="1.8.0_102"/>
    <property name="user.dir" value="D:\IDEACODES\Crowdfunding\atcrowdfunding01-admin-parent\atcrowdfunding02-admin-webui"/>
    <property name="os.arch" value="amd64"/>
    <property name="java.vm.specification.name" value="Java Virtual Machine Specification"/>
    <property name="java.awt.printerjob" value="sun.awt.windows.WPrinterJob"/>
    <property name="sun.os.patch.level" value=""/>
    <property name="java.library.path" value="D:\jdk\jre\bin;C:\WINDOWS\Sun\Java\bin;C:\WINDOWS\system32;C:\WINDOWS;D:\devlop\xftp\;D:\devlop\xshell\xshell\;D:\devlop\SecureCRT\secCrt\;D:\jdk\bin;D:\jdk\jre\bin;;C:\WINDOWS\system32;D:\mongodb\bin;C:\Program Files\nodejs\;C:\Users\xxxy412\.gradle\wrapper\dists\gradle-4.6-all\bcst21l2brirad8k2ben1letg\gradle-4.6\BIN;C:\Program Files\Git\cmd;C:\WINDOWS;C:\WINDOWS\System32\Wbem;C:\WINDOWS\System32\WindowsPowerShell\v1.0\;C:\WINDOWS\System32\OpenSSH\;D:\devlop\maven\apache-maven-3.6.3\bin;C:\Program Files\Microsoft SQL Server\Client SDK\ODBC\170\Tools\Binn\;C:\Program Files (x86)\Microsoft SQL Server\150\Tools\Binn\;C:\Program Files\Microsoft SQL Server\150\Tools\Binn\;C:\Program Files\Microsoft SQL Server\150\DTS\Binn\;C:\Program Files\Microsoft SQL Server\130\Tools\Binn\;C:\Users\xxxy412\AppData\Local\Microsoft\WindowsApps;C:\Users\xxxy412\AppData\Local\Programs\Microsoft VS Code\bin;&quot;C:\WINDOWS\system32;&quot;;;C:\Users\xxxy412\AppData\Roaming\npm;C:\Program Files (x86)\Egret\Egret Wing 3\bin;."/>
    <property name="java.vm.info" value="mixed mode"/>
    <property name="java.vendor" value="Oracle Corporation"/>
    <property name="java.vm.version" value="25.102-b14"/>
    <property name="java.ext.dirs" value="D:\jdk\jre\lib\ext;C:\WINDOWS\Sun\Java\lib\ext"/>
    <property name="sun.io.unicode.encoding" value="UnicodeLittle"/>
    <property name="java.class.version" value="52.0"/>
  </properties>
  <testcase name="testConnection" classname="CrowdTest" time="1.523"/>
  <testcase name="testMapper" classname="CrowdTest" time="0.252"/>
</testsuite>